<?xml version="1.0" encoding="UTF-8"?>
<testsuite name="com.devcraft.parser.DeterministicParserTest" tests="3" skipped="0" failures="0" errors="0" timestamp="2026-08-29T20:48:32" hostname="LAPTOP-LBH96DF1" time="0.227">
  <properties/>
  <testcase name="testPriorOrderReference" classname="com.devcraft.parser.DeterministicParserTest" time="0.217"/>
  <testcase name="testHinglishKurtaOrder" classname="com.devcraft.parser.DeterministicParserTest" time="0.005"/>
  <testcase name="testDevanagariHindiNumber" classname="com.devcraft.parser.DeterministicParserTest" time="0.004"/>
  <system-out><![CDATA[]]></system-out>
  <system-err><![CDATA[]]></system-err>
</testsuite>
